This is pdfTeX, Version 3.14159265-2.6-1.40.17 (TeX Live 2016/W32TeX) (preloaded format=pdflatex 2017.4.8)  5 SEP 2022 14:01
entering extended mode
 \write18 enabled.
 %&-line parsing enabled.
**./slides.tex
(./slides.tex
LaTeX2e <2017/01/01> patch level 3
Babel <3.9r> and hyphenation patterns for 83 language(s) loaded.
(b:/ARCHIVE/PROGRAM/texlive/2016/texmf-dist/tex/latex/beamer/beamer.cls
Document Class: beamer 2017/01/23 v3.41 A class for typesetting presentations
(b:/ARCHIVE/PROGRAM/texlive/2016/texmf-dist/tex/latex/etoolbox/etoolbox.sty
Package: etoolbox 2017/01/02 v2.4 e-TeX tools for LaTeX (JAW)
\etb@tempcnta=\count79
)
(b:/ARCHIVE/PROGRAM/texlive/2016/texmf-dist/tex/latex/beamer/beamerbasemodes.st
y
\beamer@tempbox=\box26
\beamer@tempcount=\count80
\c@beamerpauses=\count81

(b:/ARCHIVE/PROGRAM/texlive/2016/texmf-dist/tex/latex/beamer/beamerbasedecode.s
ty
\beamer@slideinframe=\count82
\beamer@minimum=\count83
)
\beamer@commentbox=\box27
\beamer@modecount=\count84
) (b:/ARCHIVE/PROGRAM/texlive/2016/texmf-dist/tex/generic/oberdiek/ifpdf.sty
Package: ifpdf 2017/03/15 v3.2 Provides the ifpdf switch
)
\headheight=\dimen102
\headdp=\dimen103
\footheight=\dimen104
\sidebarheight=\dimen105
\beamer@tempdim=\dimen106
\beamer@finalheight=\dimen107
\beamer@animht=\dimen108
\beamer@animdp=\dimen109
\beamer@animwd=\dimen110
\beamer@leftmargin=\dimen111
\beamer@rightmargin=\dimen112
\beamer@leftsidebar=\dimen113
\beamer@rightsidebar=\dimen114
\beamer@boxsize=\dimen115
\beamer@vboxoffset=\dimen116
\beamer@descdefault=\dimen117
\beamer@descriptionwidth=\dimen118
\beamer@lastskip=\skip41
\beamer@areabox=\box28
\beamer@animcurrent=\box29
\beamer@animshowbox=\box30
\beamer@sectionbox=\box31
\beamer@logobox=\box32
\beamer@linebox=\box33
\beamer@sectioncount=\count85
\beamer@subsubsectionmax=\count86
\beamer@subsectionmax=\count87
\beamer@sectionmax=\count88
\beamer@totalheads=\count89
\beamer@headcounter=\count90
\beamer@partstartpage=\count91
\beamer@sectionstartpage=\count92
\beamer@subsectionstartpage=\count93
\beamer@animationtempa=\count94
\beamer@animationtempb=\count95
\beamer@xpos=\count96
\beamer@ypos=\count97
\beamer@showpartnumber=\count98
\beamer@currentsubsection=\count99
\beamer@coveringdepth=\count100
\beamer@sectionadjust=\count101
\beamer@tocsectionnumber=\count102

(b:/ARCHIVE/PROGRAM/texlive/2016/texmf-dist/tex/latex/beamer/beamerbaseoptions.
sty (b:/ARCHIVE/PROGRAM/texlive/2016/texmf-dist/tex/latex/graphics/keyval.sty
Package: keyval 2014/10/28 v1.15 key=value parser (DPC)
\KV@toks@=\toks14
))
\beamer@paperwidth=\skip42
\beamer@paperheight=\skip43
(b:/ARCHIVE/PROGRAM/texlive/2016/texmf-dist/tex/latex/geometry/geometry.sty
Package: geometry 2010/09/12 v5.6 Page Geometry

(b:/ARCHIVE/PROGRAM/texlive/2016/texmf-dist/tex/generic/oberdiek/ifvtex.sty
Package: ifvtex 2016/05/16 v1.6 Detect VTeX and its facilities (HO)
Package ifvtex Info: VTeX not detected.
)
(b:/ARCHIVE/PROGRAM/texlive/2016/texmf-dist/tex/generic/ifxetex/ifxetex.sty
Package: ifxetex 2010/09/12 v0.6 Provides ifxetex conditional
)
\Gm@cnth=\count103
\Gm@cntv=\count104
\c@Gm@tempcnt=\count105
\Gm@bindingoffset=\dimen119
\Gm@wd@mp=\dimen120
\Gm@odd@mp=\dimen121
\Gm@even@mp=\dimen122
\Gm@layoutwidth=\dimen123
\Gm@layoutheight=\dimen124
\Gm@layouthoffset=\dimen125
\Gm@layoutvoffset=\dimen126
\Gm@dimlist=\toks15
)
(b:/ARCHIVE/PROGRAM/texlive/2016/texmf-dist/tex/latex/base/size11.clo
File: size11.clo 2014/09/29 v1.4h Standard LaTeX file (size option)
)
(b:/ARCHIVE/PROGRAM/texlive/2016/texmf-dist/tex/latex/pgf/basiclayer/pgfcore.st
y (b:/ARCHIVE/PROGRAM/texlive/2016/texmf-dist/tex/latex/graphics/graphicx.sty
Package: graphicx 2014/10/28 v1.0g Enhanced LaTeX Graphics (DPC,SPQR)

(b:/ARCHIVE/PROGRAM/texlive/2016/texmf-dist/tex/latex/graphics/graphics.sty
Package: graphics 2016/10/09 v1.0u Standard LaTeX Graphics (DPC,SPQR)

(b:/ARCHIVE/PROGRAM/texlive/2016/texmf-dist/tex/latex/graphics/trig.sty
Package: trig 2016/01/03 v1.10 sin cos tan (DPC)
)
(b:/ARCHIVE/PROGRAM/texlive/2016/texmf-dist/tex/latex/graphics-cfg/graphics.cfg
File: graphics.cfg 2016/06/04 v1.11 sample graphics configuration
)
Package graphics Info: Driver file: pdftex.def on input line 99.
 (b:/ARCHIVE/PROGRAM/texlive/2016/texmf-dist/tex/latex/graphics-def/pdftex.def
File: pdftex.def 2017/01/12 v0.06k Graphics/color for pdfTeX
(b:/ARCHIVE/PROGRAM/texlive/2016/texmf-dist/tex/generic/oberdiek/infwarerr.sty
Package: infwarerr 2016/05/16 v1.4 Providing info/warning/error messages (HO)
) (b:/ARCHIVE/PROGRAM/texlive/2016/texmf-dist/tex/generic/oberdiek/ltxcmds.sty
Package: ltxcmds 2016/05/16 v1.23 LaTeX kernel commands for general use (HO)
)
\Gread@gobject=\count106
))
\Gin@req@height=\dimen127
\Gin@req@width=\dimen128
)
(b:/ARCHIVE/PROGRAM/texlive/2016/texmf-dist/tex/latex/pgf/systemlayer/pgfsys.st
y
(b:/ARCHIVE/PROGRAM/texlive/2016/texmf-dist/tex/latex/pgf/utilities/pgfrcs.sty
(b:/ARCHIVE/PROGRAM/texlive/2016/texmf-dist/tex/generic/pgf/utilities/pgfutil-c
ommon.tex
\pgfutil@everybye=\toks16
\pgfutil@tempdima=\dimen129
\pgfutil@tempdimb=\dimen130

(b:/ARCHIVE/PROGRAM/texlive/2016/texmf-dist/tex/generic/pgf/utilities/pgfutil-c
ommon-lists.tex))
(b:/ARCHIVE/PROGRAM/texlive/2016/texmf-dist/tex/generic/pgf/utilities/pgfutil-l
atex.def
\pgfutil@abb=\box34
 (b:/ARCHIVE/PROGRAM/texlive/2016/texmf-dist/tex/latex/ms/everyshi.sty
Package: everyshi 2001/05/15 v3.00 EveryShipout Package (MS)
))
(b:/ARCHIVE/PROGRAM/texlive/2016/texmf-dist/tex/generic/pgf/utilities/pgfrcs.co
de.tex
Package: pgfrcs 2015/08/07 v3.0.1a (rcs-revision 1.31)
))
(b:/ARCHIVE/PROGRAM/texlive/2016/texmf-dist/tex/generic/pgf/systemlayer/pgfsys.
code.tex
Package: pgfsys 2014/07/09 v3.0.1a (rcs-revision 1.48)

(b:/ARCHIVE/PROGRAM/texlive/2016/texmf-dist/tex/generic/pgf/utilities/pgfkeys.c
ode.tex
\pgfkeys@pathtoks=\toks17
\pgfkeys@temptoks=\toks18

(b:/ARCHIVE/PROGRAM/texlive/2016/texmf-dist/tex/generic/pgf/utilities/pgfkeysfi
ltered.code.tex
\pgfkeys@tmptoks=\toks19
))
\pgf@x=\dimen131
\pgf@y=\dimen132
\pgf@xa=\dimen133
\pgf@ya=\dimen134
\pgf@xb=\dimen135
\pgf@yb=\dimen136
\pgf@xc=\dimen137
\pgf@yc=\dimen138
\w@pgf@writea=\write3
\r@pgf@reada=\read1
\c@pgf@counta=\count107
\c@pgf@countb=\count108
\c@pgf@countc=\count109
\c@pgf@countd=\count110
\t@pgf@toka=\toks20
\t@pgf@tokb=\toks21
\t@pgf@tokc=\toks22

(b:/ARCHIVE/PROGRAM/texlive/2016/texmf-dist/tex/generic/pgf/systemlayer/pgf.cfg
File: pgf.cfg 2008/05/14  (rcs-revision 1.7)
)
Driver file for pgf: pgfsys-pdftex.def

(b:/ARCHIVE/PROGRAM/texlive/2016/texmf-dist/tex/generic/pgf/systemlayer/pgfsys-
pdftex.def
File: pgfsys-pdftex.def 2014/10/11  (rcs-revision 1.35)

(b:/ARCHIVE/PROGRAM/texlive/2016/texmf-dist/tex/generic/pgf/systemlayer/pgfsys-
common-pdf.def
File: pgfsys-common-pdf.def 2013/10/10  (rcs-revision 1.13)
)))
(b:/ARCHIVE/PROGRAM/texlive/2016/texmf-dist/tex/generic/pgf/systemlayer/pgfsyss
oftpath.code.tex
File: pgfsyssoftpath.code.tex 2013/09/09  (rcs-revision 1.9)
\pgfsyssoftpath@smallbuffer@items=\count111
\pgfsyssoftpath@bigbuffer@items=\count112
)
(b:/ARCHIVE/PROGRAM/texlive/2016/texmf-dist/tex/generic/pgf/systemlayer/pgfsysp
rotocol.code.tex
File: pgfsysprotocol.code.tex 2006/10/16  (rcs-revision 1.4)
))
(b:/ARCHIVE/PROGRAM/texlive/2016/texmf-dist/tex/latex/xcolor/xcolor.sty
Package: xcolor 2016/05/11 v2.12 LaTeX color extensions (UK)

(b:/ARCHIVE/PROGRAM/texlive/2016/texmf-dist/tex/latex/graphics-cfg/color.cfg
File: color.cfg 2016/01/02 v1.6 sample color configuration
)
Package xcolor Info: Driver file: pdftex.def on input line 225.
Package xcolor Info: Model `cmy' substituted by `cmy0' on input line 1348.
Package xcolor Info: Model `hsb' substituted by `rgb' on input line 1352.
Package xcolor Info: Model `RGB' extended on input line 1364.
Package xcolor Info: Model `HTML' substituted by `rgb' on input line 1366.
Package xcolor Info: Model `Hsb' substituted by `hsb' on input line 1367.
Package xcolor Info: Model `tHsb' substituted by `hsb' on input line 1368.
Package xcolor Info: Model `HSB' substituted by `hsb' on input line 1369.
Package xcolor Info: Model `Gray' substituted by `gray' on input line 1370.
Package xcolor Info: Model `wave' substituted by `hsb' on input line 1371.
)
(b:/ARCHIVE/PROGRAM/texlive/2016/texmf-dist/tex/generic/pgf/basiclayer/pgfcore.
code.tex
Package: pgfcore 2010/04/11 v3.0.1a (rcs-revision 1.7)

(b:/ARCHIVE/PROGRAM/texlive/2016/texmf-dist/tex/generic/pgf/math/pgfmath.code.t
ex
(b:/ARCHIVE/PROGRAM/texlive/2016/texmf-dist/tex/generic/pgf/math/pgfmathcalc.co
de.tex
(b:/ARCHIVE/PROGRAM/texlive/2016/texmf-dist/tex/generic/pgf/math/pgfmathutil.co
de.tex)
(b:/ARCHIVE/PROGRAM/texlive/2016/texmf-dist/tex/generic/pgf/math/pgfmathparser.
code.tex
\pgfmath@dimen=\dimen139
\pgfmath@count=\count113
\pgfmath@box=\box35
\pgfmath@toks=\toks23
\pgfmath@stack@operand=\toks24
\pgfmath@stack@operation=\toks25
)
(b:/ARCHIVE/PROGRAM/texlive/2016/texmf-dist/tex/generic/pgf/math/pgfmathfunctio
ns.code.tex
(b:/ARCHIVE/PROGRAM/texlive/2016/texmf-dist/tex/generic/pgf/math/pgfmathfunctio
ns.basic.code.tex)
(b:/ARCHIVE/PROGRAM/texlive/2016/texmf-dist/tex/generic/pgf/math/pgfmathfunctio
ns.trigonometric.code.tex)
(b:/ARCHIVE/PROGRAM/texlive/2016/texmf-dist/tex/generic/pgf/math/pgfmathfunctio
ns.random.code.tex)
(b:/ARCHIVE/PROGRAM/texlive/2016/texmf-dist/tex/generic/pgf/math/pgfmathfunctio
ns.comparison.code.tex)
(b:/ARCHIVE/PROGRAM/texlive/2016/texmf-dist/tex/generic/pgf/math/pgfmathfunctio
ns.base.code.tex)
(b:/ARCHIVE/PROGRAM/texlive/2016/texmf-dist/tex/generic/pgf/math/pgfmathfunctio
ns.round.code.tex)
(b:/ARCHIVE/PROGRAM/texlive/2016/texmf-dist/tex/generic/pgf/math/pgfmathfunctio
ns.misc.code.tex)
(b:/ARCHIVE/PROGRAM/texlive/2016/texmf-dist/tex/generic/pgf/math/pgfmathfunctio
ns.integerarithmetics.code.tex)))
(b:/ARCHIVE/PROGRAM/texlive/2016/texmf-dist/tex/generic/pgf/math/pgfmathfloat.c
ode.tex
\c@pgfmathroundto@lastzeros=\count114
))
(b:/ARCHIVE/PROGRAM/texlive/2016/texmf-dist/tex/generic/pgf/basiclayer/pgfcorep
oints.code.tex
File: pgfcorepoints.code.tex 2013/10/07  (rcs-revision 1.27)
\pgf@picminx=\dimen140
\pgf@picmaxx=\dimen141
\pgf@picminy=\dimen142
\pgf@picmaxy=\dimen143
\pgf@pathminx=\dimen144
\pgf@pathmaxx=\dimen145
\pgf@pathminy=\dimen146
\pgf@pathmaxy=\dimen147
\pgf@xx=\dimen148
\pgf@xy=\dimen149
\pgf@yx=\dimen150
\pgf@yy=\dimen151
\pgf@zx=\dimen152
\pgf@zy=\dimen153
)
(b:/ARCHIVE/PROGRAM/texlive/2016/texmf-dist/tex/generic/pgf/basiclayer/pgfcorep
athconstruct.code.tex
File: pgfcorepathconstruct.code.tex 2013/10/07  (rcs-revision 1.29)
\pgf@path@lastx=\dimen154
\pgf@path@lasty=\dimen155
)
(b:/ARCHIVE/PROGRAM/texlive/2016/texmf-dist/tex/generic/pgf/basiclayer/pgfcorep
athusage.code.tex
File: pgfcorepathusage.code.tex 2014/11/02  (rcs-revision 1.24)
\pgf@shorten@end@additional=\dimen156
\pgf@shorten@start@additional=\dimen157
)
(b:/ARCHIVE/PROGRAM/texlive/2016/texmf-dist/tex/generic/pgf/basiclayer/pgfcores
copes.code.tex
File: pgfcorescopes.code.tex 2015/05/08  (rcs-revision 1.46)
\pgfpic=\box36
\pgf@hbox=\box37
\pgf@layerbox@main=\box38
\pgf@picture@serial@count=\count115
)
(b:/ARCHIVE/PROGRAM/texlive/2016/texmf-dist/tex/generic/pgf/basiclayer/pgfcoreg
raphicstate.code.tex
File: pgfcoregraphicstate.code.tex 2014/11/02  (rcs-revision 1.12)
\pgflinewidth=\dimen158
)
(b:/ARCHIVE/PROGRAM/texlive/2016/texmf-dist/tex/generic/pgf/basiclayer/pgfcoret
ransformations.code.tex
File: pgfcoretransformations.code.tex 2015/08/07  (rcs-revision 1.20)
\pgf@pt@x=\dimen159
\pgf@pt@y=\dimen160
\pgf@pt@temp=\dimen161
)
(b:/ARCHIVE/PROGRAM/texlive/2016/texmf-dist/tex/generic/pgf/basiclayer/pgfcoreq
uick.code.tex
File: pgfcorequick.code.tex 2008/10/09  (rcs-revision 1.3)
)
(b:/ARCHIVE/PROGRAM/texlive/2016/texmf-dist/tex/generic/pgf/basiclayer/pgfcoreo
bjects.code.tex
File: pgfcoreobjects.code.tex 2006/10/11  (rcs-revision 1.2)
)
(b:/ARCHIVE/PROGRAM/texlive/2016/texmf-dist/tex/generic/pgf/basiclayer/pgfcorep
athprocessing.code.tex
File: pgfcorepathprocessing.code.tex 2013/09/09  (rcs-revision 1.9)
)
(b:/ARCHIVE/PROGRAM/texlive/2016/texmf-dist/tex/generic/pgf/basiclayer/pgfcorea
rrows.code.tex
File: pgfcorearrows.code.tex 2015/05/14  (rcs-revision 1.43)
\pgfarrowsep=\dimen162
)
(b:/ARCHIVE/PROGRAM/texlive/2016/texmf-dist/tex/generic/pgf/basiclayer/pgfcores
hade.code.tex
File: pgfcoreshade.code.tex 2013/07/15  (rcs-revision 1.15)
\pgf@max=\dimen163
\pgf@sys@shading@range@num=\count116
)
(b:/ARCHIVE/PROGRAM/texlive/2016/texmf-dist/tex/generic/pgf/basiclayer/pgfcorei
mage.code.tex
File: pgfcoreimage.code.tex 2013/07/15  (rcs-revision 1.18)

(b:/ARCHIVE/PROGRAM/texlive/2016/texmf-dist/tex/generic/pgf/basiclayer/pgfcoree
xternal.code.tex
File: pgfcoreexternal.code.tex 2014/07/09  (rcs-revision 1.21)
\pgfexternal@startupbox=\box39
))
(b:/ARCHIVE/PROGRAM/texlive/2016/texmf-dist/tex/generic/pgf/basiclayer/pgfcorel
ayers.code.tex
File: pgfcorelayers.code.tex 2013/07/18  (rcs-revision 1.7)
)
(b:/ARCHIVE/PROGRAM/texlive/2016/texmf-dist/tex/generic/pgf/basiclayer/pgfcoret
ransparency.code.tex
File: pgfcoretransparency.code.tex 2013/09/30  (rcs-revision 1.5)
)
(b:/ARCHIVE/PROGRAM/texlive/2016/texmf-dist/tex/generic/pgf/basiclayer/pgfcorep
atterns.code.tex
File: pgfcorepatterns.code.tex 2013/11/07  (rcs-revision 1.5)
)))
(b:/ARCHIVE/PROGRAM/texlive/2016/texmf-dist/tex/latex/pgf/utilities/xxcolor.sty
Package: xxcolor 2003/10/24 ver 0.1
\XC@nummixins=\count117
\XC@countmixins=\count118
) (b:/ARCHIVE/PROGRAM/texlive/2016/texmf-dist/tex/generic/oberdiek/atbegshi.sty
Package: atbegshi 2016/06/09 v1.18 At begin shipout hook (HO)
) (b:/ARCHIVE/PROGRAM/texlive/2016/texmf-dist/tex/latex/hyperref/hyperref.sty
Package: hyperref 2017/03/14 v6.85a Hypertext links for LaTeX

(b:/ARCHIVE/PROGRAM/texlive/2016/texmf-dist/tex/generic/oberdiek/hobsub-hyperre
f.sty
Package: hobsub-hyperref 2016/05/16 v1.14 Bundle oberdiek, subset hyperref (HO)


(b:/ARCHIVE/PROGRAM/texlive/2016/texmf-dist/tex/generic/oberdiek/hobsub-generic
.sty
Package: hobsub-generic 2016/05/16 v1.14 Bundle oberdiek, subset generic (HO)
Package: hobsub 2016/05/16 v1.14 Construct package bundles (HO)
Package hobsub Info: Skipping package `infwarerr' (already loaded).
Package hobsub Info: Skipping package `ltxcmds' (already loaded).
Package: ifluatex 2016/05/16 v1.4 Provides the ifluatex switch (HO)
Package ifluatex Info: LuaTeX not detected.
Package hobsub Info: Skipping package `ifvtex' (already loaded).
Package: intcalc 2016/05/16 v1.2 Expandable calculations with integers (HO)
Package hobsub Info: Skipping package `ifpdf' (already loaded).
Package: etexcmds 2016/05/16 v1.6 Avoid name clashes with e-TeX commands (HO)
Package etexcmds Info: Could not find \expanded.
(etexcmds)             That can mean that you are not using pdfTeX 1.50 or
(etexcmds)             that some package has redefined \expanded.
(etexcmds)             In the latter case, load this package earlier.
Package: kvsetkeys 2016/05/16 v1.17 Key value parser (HO)
Package: kvdefinekeys 2016/05/16 v1.4 Define keys (HO)
Package: pdftexcmds 2017/03/19 v0.25 Utility functions of pdfTeX for LuaTeX (HO
)
Package pdftexcmds Info: LuaTeX not detected.
Package pdftexcmds Info: \pdf@primitive is available.
Package pdftexcmds Info: \pdf@ifprimitive is available.
Package pdftexcmds Info: \pdfdraftmode found.
Package: pdfescape 2016/05/16 v1.14 Implements pdfTeX's escape features (HO)
Package: bigintcalc 2016/05/16 v1.4 Expandable calculations on big integers (HO
)
Package: bitset 2016/05/16 v1.2 Handle bit-vector datatype (HO)
Package: uniquecounter 2016/05/16 v1.3 Provide unlimited unique counter (HO)
)
Package hobsub Info: Skipping package `hobsub' (already loaded).
Package: letltxmacro 2016/05/16 v1.5 Let assignment for LaTeX macros (HO)
Package: hopatch 2016/05/16 v1.3 Wrapper for package hooks (HO)
Package: xcolor-patch 2016/05/16 xcolor patch
Package: atveryend 2016/05/16 v1.9 Hooks at the very end of document (HO)
Package hobsub Info: Skipping package `atbegshi' (already loaded).
Package: refcount 2016/05/16 v3.5 Data extraction from label references (HO)
Package: hycolor 2016/05/16 v1.8 Color options for hyperref/bookmark (HO)
)
(b:/ARCHIVE/PROGRAM/texlive/2016/texmf-dist/tex/latex/oberdiek/auxhook.sty
Package: auxhook 2016/05/16 v1.4 Hooks for auxiliary files (HO)
)
(b:/ARCHIVE/PROGRAM/texlive/2016/texmf-dist/tex/latex/oberdiek/kvoptions.sty
Package: kvoptions 2016/05/16 v3.12 Key value format for package options (HO)
)
\@linkdim=\dimen164
\Hy@linkcounter=\count119
\Hy@pagecounter=\count120

(b:/ARCHIVE/PROGRAM/texlive/2016/texmf-dist/tex/latex/hyperref/pd1enc.def
File: pd1enc.def 2017/03/14 v6.85a Hyperref: PDFDocEncoding definition (HO)
)
\Hy@SavedSpaceFactor=\count121

(b:/ARCHIVE/PROGRAM/texlive/2016/texmf-dist/tex/latex/latexconfig/hyperref.cfg
File: hyperref.cfg 2002/06/06 v1.2 hyperref configuration of TeXLive
)
Package hyperref Info: Option `bookmarks' set `true' on input line 4374.
Package hyperref Info: Option `bookmarksopen' set `true' on input line 4374.
Package hyperref Info: Option `implicit' set `false' on input line 4374.
Package hyperref Info: Hyper figures OFF on input line 4498.
Package hyperref Info: Link nesting OFF on input line 4503.
Package hyperref Info: Hyper index ON on input line 4506.
Package hyperref Info: Plain pages OFF on input line 4513.
Package hyperref Info: Backreferencing OFF on input line 4518.
Package hyperref Info: Implicit mode OFF; no redefinition of LaTeX internals.
Package hyperref Info: Bookmarks ON on input line 4751.
\c@Hy@tempcnt=\count122
(b:/ARCHIVE/PROGRAM/texlive/2016/texmf-dist/tex/latex/url/url.sty
\Urlmuskip=\muskip10
Package: url 2013/09/16  ver 3.4  Verb mode for urls, etc.
)
LaTeX Info: Redefining \url on input line 5104.
\XeTeXLinkMargin=\dimen165
\Fld@menulength=\count123
\Field@Width=\dimen166
\Fld@charsize=\dimen167
Package hyperref Info: Hyper figures OFF on input line 6358.
Package hyperref Info: Link nesting OFF on input line 6363.
Package hyperref Info: Hyper index ON on input line 6366.
Package hyperref Info: backreferencing OFF on input line 6373.
Package hyperref Info: Link coloring OFF on input line 6378.
Package hyperref Info: Link coloring with OCG OFF on input line 6383.
Package hyperref Info: PDF/A mode OFF on input line 6388.
LaTeX Info: Redefining \ref on input line 6428.
LaTeX Info: Redefining \pageref on input line 6432.
\Hy@abspage=\count124


Package hyperref Message: Stopped early.

)

Package hyperref Message: Driver (autodetected): hpdftex.

(b:/ARCHIVE/PROGRAM/texlive/2016/texmf-dist/tex/latex/hyperref/hpdftex.def
File: hpdftex.def 2017/03/14 v6.85a Hyperref driver for pdfTeX
\Fld@listcount=\count125
\c@bookmark@seq@number=\count126

(b:/ARCHIVE/PROGRAM/texlive/2016/texmf-dist/tex/latex/oberdiek/rerunfilecheck.s
ty
Package: rerunfilecheck 2016/05/16 v1.8 Rerun checks for auxiliary files (HO)
Package uniquecounter Info: New unique counter `rerunfilecheck' on input line 2
82.
))
(b:/ARCHIVE/PROGRAM/texlive/2016/texmf-dist/tex/latex/beamer/beamerbaserequires
.sty
(b:/ARCHIVE/PROGRAM/texlive/2016/texmf-dist/tex/latex/beamer/beamerbasecompatib
ility.sty)
(b:/ARCHIVE/PROGRAM/texlive/2016/texmf-dist/tex/latex/beamer/beamerbasefont.sty
(b:/ARCHIVE/PROGRAM/texlive/2016/texmf-dist/tex/latex/amsfonts/amssymb.sty
Package: amssymb 2013/01/14 v3.01 AMS font symbols

(b:/ARCHIVE/PROGRAM/texlive/2016/texmf-dist/tex/latex/amsfonts/amsfonts.sty
Package: amsfonts 2013/01/14 v3.01 Basic AMSFonts support
\@emptytoks=\toks26
\symAMSa=\mathgroup4
\symAMSb=\mathgroup5
LaTeX Font Info:    Overwriting math alphabet `\mathfrak' in version `bold'
(Font)                  U/euf/m/n --> U/euf/b/n on input line 106.
))
(b:/ARCHIVE/PROGRAM/texlive/2016/texmf-dist/tex/latex/sansmathaccent/sansmathac
cent.sty
Package: sansmathaccent 2013/03/28

(b:/ARCHIVE/PROGRAM/texlive/2016/texmf-dist/tex/latex/filehook/filehook.sty
Package: filehook 2011/10/12 v0.5d Hooks for input files
)))
(b:/ARCHIVE/PROGRAM/texlive/2016/texmf-dist/tex/latex/beamer/beamerbasetranslat
or.sty
(b:/ARCHIVE/PROGRAM/texlive/2016/texmf-dist/tex/latex/beamer/translator/transla
tor.sty
Package: translator 2010/06/12 ver 1.10

(b:/ARCHIVE/PROGRAM/texlive/2016/texmf-dist/tex/latex/beamer/translator/transla
tor-language-mappings.tex)))
(b:/ARCHIVE/PROGRAM/texlive/2016/texmf-dist/tex/latex/beamer/beamerbasemisc.sty
)
(b:/ARCHIVE/PROGRAM/texlive/2016/texmf-dist/tex/latex/beamer/beamerbasetwoscree
ns.sty)
(b:/ARCHIVE/PROGRAM/texlive/2016/texmf-dist/tex/latex/beamer/beamerbaseoverlay.
sty
\beamer@argscount=\count127
\beamer@lastskipcover=\skip44
\beamer@trivlistdepth=\count128
)
(b:/ARCHIVE/PROGRAM/texlive/2016/texmf-dist/tex/latex/beamer/beamerbasetitle.st
y)
(b:/ARCHIVE/PROGRAM/texlive/2016/texmf-dist/tex/latex/beamer/beamerbasesection.
sty
\c@lecture=\count129
\c@part=\count130
\c@section=\count131
\c@subsection=\count132
\c@subsubsection=\count133
)
(b:/ARCHIVE/PROGRAM/texlive/2016/texmf-dist/tex/latex/beamer/beamerbaseframe.st
y
\beamer@framebox=\box40
\beamer@frametitlebox=\box41
\beamer@zoombox=\box42
\beamer@zoomcount=\count134
\beamer@zoomframecount=\count135
\beamer@frametextheight=\dimen168
\c@subsectionslide=\count136
\beamer@frametopskip=\skip45
\beamer@framebottomskip=\skip46
\beamer@frametopskipautobreak=\skip47
\beamer@framebottomskipautobreak=\skip48
\beamer@envbody=\toks27
\framewidth=\dimen169
\c@framenumber=\count137
)
(b:/ARCHIVE/PROGRAM/texlive/2016/texmf-dist/tex/latex/beamer/beamerbaseverbatim
.sty
\beamer@verbatimfileout=\write4
)
(b:/ARCHIVE/PROGRAM/texlive/2016/texmf-dist/tex/latex/beamer/beamerbaseframesiz
e.sty
\beamer@splitbox=\box43
\beamer@autobreakcount=\count138
\beamer@autobreaklastheight=\dimen170
\beamer@frametitletoks=\toks28
\beamer@framesubtitletoks=\toks29
)
(b:/ARCHIVE/PROGRAM/texlive/2016/texmf-dist/tex/latex/beamer/beamerbaseframecom
ponents.sty
\beamer@footins=\box44
)
(b:/ARCHIVE/PROGRAM/texlive/2016/texmf-dist/tex/latex/beamer/beamerbasecolor.st
y)
(b:/ARCHIVE/PROGRAM/texlive/2016/texmf-dist/tex/latex/beamer/beamerbasenotes.st
y
\beamer@frameboxcopy=\box45
)
(b:/ARCHIVE/PROGRAM/texlive/2016/texmf-dist/tex/latex/beamer/beamerbasetoc.sty)

(b:/ARCHIVE/PROGRAM/texlive/2016/texmf-dist/tex/latex/beamer/beamerbasetemplate
s.sty
\beamer@sbttoks=\toks30

(b:/ARCHIVE/PROGRAM/texlive/2016/texmf-dist/tex/latex/beamer/beamerbaseauxtempl
ates.sty
(b:/ARCHIVE/PROGRAM/texlive/2016/texmf-dist/tex/latex/beamer/beamerbaseboxes.st
y
\bmb@box=\box46
\bmb@colorbox=\box47
\bmb@boxshadow=\box48
\bmb@boxshadowball=\box49
\bmb@boxshadowballlarge=\box50
\bmb@temp=\dimen171
\bmb@dima=\dimen172
\bmb@dimb=\dimen173
\bmb@prevheight=\dimen174
)
\beamer@blockheadheight=\dimen175
))
(b:/ARCHIVE/PROGRAM/texlive/2016/texmf-dist/tex/latex/beamer/beamerbaselocalstr
ucture.sty
(b:/ARCHIVE/PROGRAM/texlive/2016/texmf-dist/tex/latex/tools/enumerate.sty
Package: enumerate 2015/07/23 v3.00 enumerate extensions (DPC)
\@enLab=\toks31
)
\c@figure=\count139
\c@table=\count140
\abovecaptionskip=\skip49
\belowcaptionskip=\skip50
)
(b:/ARCHIVE/PROGRAM/texlive/2016/texmf-dist/tex/latex/beamer/beamerbasenavigati
on.sty
\beamer@section@min@dim=\dimen176
)
(b:/ARCHIVE/PROGRAM/texlive/2016/texmf-dist/tex/latex/beamer/beamerbasetheorems
.sty (b:/ARCHIVE/PROGRAM/texlive/2016/texmf-dist/tex/latex/amsmath/amsmath.sty
Package: amsmath 2016/11/05 v2.16a AMS math features
\@mathmargin=\skip51

For additional information on amsmath, use the `?' option.
(b:/ARCHIVE/PROGRAM/texlive/2016/texmf-dist/tex/latex/amsmath/amstext.sty
Package: amstext 2000/06/29 v2.01 AMS text

(b:/ARCHIVE/PROGRAM/texlive/2016/texmf-dist/tex/latex/amsmath/amsgen.sty
File: amsgen.sty 1999/11/30 v2.0 generic functions
\@emptytoks=\toks32
\ex@=\dimen177
))
(b:/ARCHIVE/PROGRAM/texlive/2016/texmf-dist/tex/latex/amsmath/amsbsy.sty
Package: amsbsy 1999/11/29 v1.2d Bold Symbols
\pmbraise@=\dimen178
)
(b:/ARCHIVE/PROGRAM/texlive/2016/texmf-dist/tex/latex/amsmath/amsopn.sty
Package: amsopn 2016/03/08 v2.02 operator names
)
\inf@bad=\count141
LaTeX Info: Redefining \frac on input line 213.
\uproot@=\count142
\leftroot@=\count143
LaTeX Info: Redefining \overline on input line 375.
\classnum@=\count144
\DOTSCASE@=\count145
LaTeX Info: Redefining \ldots on input line 472.
LaTeX Info: Redefining \dots on input line 475.
LaTeX Info: Redefining \cdots on input line 596.
\Mathstrutbox@=\box51
\strutbox@=\box52
\big@size=\dimen179
LaTeX Font Info:    Redeclaring font encoding OML on input line 712.
LaTeX Font Info:    Redeclaring font encoding OMS on input line 713.
\macc@depth=\count146
\c@MaxMatrixCols=\count147
\dotsspace@=\muskip11
\c@parentequation=\count148
\dspbrk@lvl=\count149
\tag@help=\toks33
\row@=\count150
\column@=\count151
\maxfields@=\count152
\andhelp@=\toks34
\eqnshift@=\dimen180
\alignsep@=\dimen181
\tagshift@=\dimen182
\tagwidth@=\dimen183
\totwidth@=\dimen184
\lineht@=\dimen185
\@envbody=\toks35
\multlinegap=\skip52
\multlinetaggap=\skip53
\mathdisplay@stack=\toks36
LaTeX Info: Redefining \[ on input line 2817.
LaTeX Info: Redefining \] on input line 2818.
)
(b:/ARCHIVE/PROGRAM/texlive/2016/texmf-dist/tex/latex/amscls/amsthm.sty
Package: amsthm 2015/03/04 v2.20.2
\thm@style=\toks37
\thm@bodyfont=\toks38
\thm@headfont=\toks39
\thm@notefont=\toks40
\thm@headpunct=\toks41
\thm@preskip=\skip54
\thm@postskip=\skip55
\thm@headsep=\skip56
\dth@everypar=\toks42
)
\c@theorem=\count153
)
(b:/ARCHIVE/PROGRAM/texlive/2016/texmf-dist/tex/latex/beamer/beamerbasethemes.s
ty))
(b:/ARCHIVE/PROGRAM/texlive/2016/texmf-dist/tex/latex/beamer/themes/theme/beame
rthemedefault.sty
(b:/ARCHIVE/PROGRAM/texlive/2016/texmf-dist/tex/latex/beamer/themes/font/beamer
fontthemedefault.sty)
(b:/ARCHIVE/PROGRAM/texlive/2016/texmf-dist/tex/latex/beamer/themes/color/beame
rcolorthemedefault.sty)
(b:/ARCHIVE/PROGRAM/texlive/2016/texmf-dist/tex/latex/beamer/themes/inner/beame
rinnerthemedefault.sty
\beamer@dima=\dimen186
\beamer@dimb=\dimen187
)
(b:/ARCHIVE/PROGRAM/texlive/2016/texmf-dist/tex/latex/beamer/themes/outer/beame
routerthemedefault.sty)))
(b:/ARCHIVE/PROGRAM/texlive/2016/texmf-dist/tex/latex/beamer/themes/color/beame
rcolorthemebeaver.sty)
(b:/ARCHIVE/PROGRAM/texlive/2016/texmf-dist/tex/latex/tools/verbatim.sty
Package: verbatim 2014/10/28 v1.5q LaTeX2e package for verbatim enhancements
\every@verbatim=\toks43
\verbatim@line=\toks44
\verbatim@in@stream=\read2
)
(b:/ARCHIVE/PROGRAM/texlive/2016/texmf-dist/tex/latex/base/inputenc.sty
Package: inputenc 2015/03/17 v1.2c Input encoding file
\inpenc@prehook=\toks45
\inpenc@posthook=\toks46

(b:/ARCHIVE/PROGRAM/texlive/2016/texmf-dist/tex/latex/base/utf8.def
File: utf8.def 2017/01/28 v1.1t UTF-8 support for inputenc
Now handling font encoding OML ...
... no UTF-8 mapping file for font encoding OML
Now handling font encoding T1 ...
... processing UTF-8 mapping file for font encoding T1

(b:/ARCHIVE/PROGRAM/texlive/2016/texmf-dist/tex/latex/base/t1enc.dfu
File: t1enc.dfu 2017/01/28 v1.1t UTF-8 support for inputenc
   defining Unicode char U+00A0 (decimal 160)
   defining Unicode char U+00A1 (decimal 161)
   defining Unicode char U+00A3 (decimal 163)
   defining Unicode char U+00AB (decimal 171)
   defining Unicode char U+00AD (decimal 173)
   defining Unicode char U+00BB (decimal 187)
   defining Unicode char U+00BF (decimal 191)
   defining Unicode char U+00C0 (decimal 192)
   defining Unicode char U+00C1 (decimal 193)
   defining Unicode char U+00C2 (decimal 194)
   defining Unicode char U+00C3 (decimal 195)
   defining Unicode char U+00C4 (decimal 196)
   defining Unicode char U+00C5 (decimal 197)
   defining Unicode char U+00C6 (decimal 198)
   defining Unicode char U+00C7 (decimal 199)
   defining Unicode char U+00C8 (decimal 200)
   defining Unicode char U+00C9 (decimal 201)
   defining Unicode char U+00CA (decimal 202)
   defining Unicode char U+00CB (decimal 203)
   defining Unicode char U+00CC (decimal 204)
   defining Unicode char U+00CD (decimal 205)
   defining Unicode char U+00CE (decimal 206)
   defining Unicode char U+00CF (decimal 207)
   defining Unicode char U+00D0 (decimal 208)
   defining Unicode char U+00D1 (decimal 209)
   defining Unicode char U+00D2 (decimal 210)
   defining Unicode char U+00D3 (decimal 211)
   defining Unicode char U+00D4 (decimal 212)
   defining Unicode char U+00D5 (decimal 213)
   defining Unicode char U+00D6 (decimal 214)
   defining Unicode char U+00D8 (decimal 216)
   defining Unicode char U+00D9 (decimal 217)
   defining Unicode char U+00DA (decimal 218)
   defining Unicode char U+00DB (decimal 219)
   defining Unicode char U+00DC (decimal 220)
   defining Unicode char U+00DD (decimal 221)
   defining Unicode char U+00DE (decimal 222)
   defining Unicode char U+00DF (decimal 223)
   defining Unicode char U+00E0 (decimal 224)
   defining Unicode char U+00E1 (decimal 225)
   defining Unicode char U+00E2 (decimal 226)
   defining Unicode char U+00E3 (decimal 227)
   defining Unicode char U+00E4 (decimal 228)
   defining Unicode char U+00E5 (decimal 229)
   defining Unicode char U+00E6 (decimal 230)
   defining Unicode char U+00E7 (decimal 231)
   defining Unicode char U+00E8 (decimal 232)
   defining Unicode char U+00E9 (decimal 233)
   defining Unicode char U+00EA (decimal 234)
   defining Unicode char U+00EB (decimal 235)
   defining Unicode char U+00EC (decimal 236)
   defining Unicode char U+00ED (decimal 237)
   defining Unicode char U+00EE (decimal 238)
   defining Unicode char U+00EF (decimal 239)
   defining Unicode char U+00F0 (decimal 240)
   defining Unicode char U+00F1 (decimal 241)
   defining Unicode char U+00F2 (decimal 242)
   defining Unicode char U+00F3 (decimal 243)
   defining Unicode char U+00F4 (decimal 244)
   defining Unicode char U+00F5 (decimal 245)
   defining Unicode char U+00F6 (decimal 246)
   defining Unicode char U+00F8 (decimal 248)
   defining Unicode char U+00F9 (decimal 249)
   defining Unicode char U+00FA (decimal 250)
   defining Unicode char U+00FB (decimal 251)
   defining Unicode char U+00FC (decimal 252)
   defining Unicode char U+00FD (decimal 253)
   defining Unicode char U+00FE (decimal 254)
   defining Unicode char U+00FF (decimal 255)
   defining Unicode char U+0100 (decimal 256)
   defining Unicode char U+0101 (decimal 257)
   defining Unicode char U+0102 (decimal 258)
   defining Unicode char U+0103 (decimal 259)
   defining Unicode char U+0104 (decimal 260)
   defining Unicode char U+0105 (decimal 261)
   defining Unicode char U+0106 (decimal 262)
   defining Unicode char U+0107 (decimal 263)
   defining Unicode char U+0108 (decimal 264)
   defining Unicode char U+0109 (decimal 265)
   defining Unicode char U+010A (decimal 266)
   defining Unicode char U+010B (decimal 267)
   defining Unicode char U+010C (decimal 268)
   defining Unicode char U+010D (decimal 269)
   defining Unicode char U+010E (decimal 270)
   defining Unicode char U+010F (decimal 271)
   defining Unicode char U+0110 (decimal 272)
   defining Unicode char U+0111 (decimal 273)
   defining Unicode char U+0112 (decimal 274)
   defining Unicode char U+0113 (decimal 275)
   defining Unicode char U+0114 (decimal 276)
   defining Unicode char U+0115 (decimal 277)
   defining Unicode char U+0116 (decimal 278)
   defining Unicode char U+0117 (decimal 279)
   defining Unicode char U+0118 (decimal 280)
   defining Unicode char U+0119 (decimal 281)
   defining Unicode char U+011A (decimal 282)
   defining Unicode char U+011B (decimal 283)
   defining Unicode char U+011C (decimal 284)
   defining Unicode char U+011D (decimal 285)
   defining Unicode char U+011E (decimal 286)
   defining Unicode char U+011F (decimal 287)
   defining Unicode char U+0120 (decimal 288)
   defining Unicode char U+0121 (decimal 289)
   defining Unicode char U+0122 (decimal 290)
   defining Unicode char U+0123 (decimal 291)
   defining Unicode char U+0124 (decimal 292)
   defining Unicode char U+0125 (decimal 293)
   defining Unicode char U+0128 (decimal 296)
   defining Unicode char U+0129 (decimal 297)
   defining Unicode char U+012A (decimal 298)
   defining Unicode char U+012B (decimal 299)
   defining Unicode char U+012C (decimal 300)
   defining Unicode char U+012D (decimal 301)
   defining Unicode char U+012E (decimal 302)
   defining Unicode char U+012F (decimal 303)
   defining Unicode char U+0130 (decimal 304)
   defining Unicode char U+0131 (decimal 305)
   defining Unicode char U+0132 (decimal 306)
   defining Unicode char U+0133 (decimal 307)
   defining Unicode char U+0134 (decimal 308)
   defining Unicode char U+0135 (decimal 309)
   defining Unicode char U+0136 (decimal 310)
   defining Unicode char U+0137 (decimal 311)
   defining Unicode char U+0139 (decimal 313)
   defining Unicode char U+013A (decimal 314)
   defining Unicode char U+013B (decimal 315)
   defining Unicode char U+013C (decimal 316)
   defining Unicode char U+013D (decimal 317)
   defining Unicode char U+013E (decimal 318)
   defining Unicode char U+0141 (decimal 321)
   defining Unicode char U+0142 (decimal 322)
   defining Unicode char U+0143 (decimal 323)
   defining Unicode char U+0144 (decimal 324)
   defining Unicode char U+0145 (decimal 325)
   defining Unicode char U+0146 (decimal 326)
   defining Unicode char U+0147 (decimal 327)
   defining Unicode char U+0148 (decimal 328)
   defining Unicode char U+014A (decimal 330)
   defining Unicode char U+014B (decimal 331)
   defining Unicode char U+014C (decimal 332)
   defining Unicode char U+014D (decimal 333)
   defining Unicode char U+014E (decimal 334)
   defining Unicode char U+014F (decimal 335)
   defining Unicode char U+0150 (decimal 336)
   defining Unicode char U+0151 (decimal 337)
   defining Unicode char U+0152 (decimal 338)
   defining Unicode char U+0153 (decimal 339)
   defining Unicode char U+0154 (decimal 340)
   defining Unicode char U+0155 (decimal 341)
   defining Unicode char U+0156 (decimal 342)
   defining Unicode char U+0157 (decimal 343)
   defining Unicode char U+0158 (decimal 344)
   defining Unicode char U+0159 (decimal 345)
   defining Unicode char U+015A (decimal 346)
   defining Unicode char U+015B (decimal 347)
   defining Unicode char U+015C (decimal 348)
   defining Unicode char U+015D (decimal 349)
   defining Unicode char U+015E (decimal 350)
   defining Unicode char U+015F (decimal 351)
   defining Unicode char U+0160 (decimal 352)
   defining Unicode char U+0161 (decimal 353)
   defining Unicode char U+0162 (decimal 354)
   defining Unicode char U+0163 (decimal 355)
   defining Unicode char U+0164 (decimal 356)
   defining Unicode char U+0165 (decimal 357)
   defining Unicode char U+0168 (decimal 360)
   defining Unicode char U+0169 (decimal 361)
   defining Unicode char U+016A (decimal 362)
   defining Unicode char U+016B (decimal 363)
   defining Unicode char U+016C (decimal 364)
   defining Unicode char U+016D (decimal 365)
   defining Unicode char U+016E (decimal 366)
   defining Unicode char U+016F (decimal 367)
   defining Unicode char U+0170 (decimal 368)
   defining Unicode char U+0171 (decimal 369)
   defining Unicode char U+0172 (decimal 370)
   defining Unicode char U+0173 (decimal 371)
   defining Unicode char U+0174 (decimal 372)
   defining Unicode char U+0175 (decimal 373)
   defining Unicode char U+0176 (decimal 374)
   defining Unicode char U+0177 (decimal 375)
   defining Unicode char U+0178 (decimal 376)
   defining Unicode char U+0179 (decimal 377)
   defining Unicode char U+017A (decimal 378)
   defining Unicode char U+017B (decimal 379)
   defining Unicode char U+017C (decimal 380)
   defining Unicode char U+017D (decimal 381)
   defining Unicode char U+017E (decimal 382)
   defining Unicode char U+01CD (decimal 461)
   defining Unicode char U+01CE (decimal 462)
   defining Unicode char U+01CF (decimal 463)
   defining Unicode char U+01D0 (decimal 464)
   defining Unicode char U+01D1 (decimal 465)
   defining Unicode char U+01D2 (decimal 466)
   defining Unicode char U+01D3 (decimal 467)
   defining Unicode char U+01D4 (decimal 468)
   defining Unicode char U+01E2 (decimal 482)
   defining Unicode char U+01E3 (decimal 483)
   defining Unicode char U+01E6 (decimal 486)
   defining Unicode char U+01E7 (decimal 487)
   defining Unicode char U+01E8 (decimal 488)
   defining Unicode char U+01E9 (decimal 489)
   defining Unicode char U+01EA (decimal 490)
   defining Unicode char U+01EB (decimal 491)
   defining Unicode char U+01F0 (decimal 496)
   defining Unicode char U+01F4 (decimal 500)
   defining Unicode char U+01F5 (decimal 501)
   defining Unicode char U+0218 (decimal 536)
   defining Unicode char U+0219 (decimal 537)
   defining Unicode char U+021A (decimal 538)
   defining Unicode char U+021B (decimal 539)
   defining Unicode char U+0232 (decimal 562)
   defining Unicode char U+0233 (decimal 563)
   defining Unicode char U+1E02 (decimal 7682)
   defining Unicode char U+1E03 (decimal 7683)
   defining Unicode char U+200C (decimal 8204)
   defining Unicode char U+2010 (decimal 8208)
   defining Unicode char U+2011 (decimal 8209)
   defining Unicode char U+2012 (decimal 8210)
   defining Unicode char U+2013 (decimal 8211)
   defining Unicode char U+2014 (decimal 8212)
   defining Unicode char U+2015 (decimal 8213)
   defining Unicode char U+2018 (decimal 8216)
   defining Unicode char U+2019 (decimal 8217)
   defining Unicode char U+201A (decimal 8218)
   defining Unicode char U+201C (decimal 8220)
   defining Unicode char U+201D (decimal 8221)
   defining Unicode char U+201E (decimal 8222)
   defining Unicode char U+2030 (decimal 8240)
   defining Unicode char U+2031 (decimal 8241)
   defining Unicode char U+2039 (decimal 8249)
   defining Unicode char U+203A (decimal 8250)
   defining Unicode char U+2423 (decimal 9251)
   defining Unicode char U+1E20 (decimal 7712)
   defining Unicode char U+1E21 (decimal 7713)
)
Now handling font encoding OT1 ...
... processing UTF-8 mapping file for font encoding OT1

(b:/ARCHIVE/PROGRAM/texlive/2016/texmf-dist/tex/latex/base/ot1enc.dfu
File: ot1enc.dfu 2017/01/28 v1.1t UTF-8 support for inputenc
   defining Unicode char U+00A0 (decimal 160)
   defining Unicode char U+00A1 (decimal 161)
   defining Unicode char U+00A3 (decimal 163)
   defining Unicode char U+00AD (decimal 173)
   defining Unicode char U+00B8 (decimal 184)
   defining Unicode char U+00BF (decimal 191)
   defining Unicode char U+00C5 (decimal 197)
   defining Unicode char U+00C6 (decimal 198)
   defining Unicode char U+00D8 (decimal 216)
   defining Unicode char U+00DF (decimal 223)
   defining Unicode char U+00E6 (decimal 230)
   defining Unicode char U+00EC (decimal 236)
   defining Unicode char U+00ED (decimal 237)
   defining Unicode char U+00EE (decimal 238)
   defining Unicode char U+00EF (decimal 239)
   defining Unicode char U+00F8 (decimal 248)
   defining Unicode char U+0131 (decimal 305)
   defining Unicode char U+0141 (decimal 321)
   defining Unicode char U+0142 (decimal 322)
   defining Unicode char U+0152 (decimal 338)
   defining Unicode char U+0153 (decimal 339)
   defining Unicode char U+0174 (decimal 372)
   defining Unicode char U+0175 (decimal 373)
   defining Unicode char U+0176 (decimal 374)
   defining Unicode char U+0177 (decimal 375)
   defining Unicode char U+0218 (decimal 536)
   defining Unicode char U+0219 (decimal 537)
   defining Unicode char U+021A (decimal 538)
   defining Unicode char U+021B (decimal 539)
   defining Unicode char U+2013 (decimal 8211)
   defining Unicode char U+2014 (decimal 8212)
   defining Unicode char U+2018 (decimal 8216)
   defining Unicode char U+2019 (decimal 8217)
   defining Unicode char U+201C (decimal 8220)
   defining Unicode char U+201D (decimal 8221)
)
Now handling font encoding OMS ...
... processing UTF-8 mapping file for font encoding OMS

(b:/ARCHIVE/PROGRAM/texlive/2016/texmf-dist/tex/latex/base/omsenc.dfu
File: omsenc.dfu 2017/01/28 v1.1t UTF-8 support for inputenc
   defining Unicode char U+00A7 (decimal 167)
   defining Unicode char U+00B6 (decimal 182)
   defining Unicode char U+00B7 (decimal 183)
   defining Unicode char U+2020 (decimal 8224)
   defining Unicode char U+2021 (decimal 8225)
   defining Unicode char U+2022 (decimal 8226)
)
Now handling font encoding OMX ...
... no UTF-8 mapping file for font encoding OMX
Now handling font encoding U ...
... no UTF-8 mapping file for font encoding U
Now handling font encoding PD1 ...
... no UTF-8 mapping file for font encoding PD1
   defining Unicode char U+00A9 (decimal 169)
   defining Unicode char U+00AA (decimal 170)
   defining Unicode char U+00AE (decimal 174)
   defining Unicode char U+00BA (decimal 186)
   defining Unicode char U+02C6 (decimal 710)
   defining Unicode char U+02DC (decimal 732)
   defining Unicode char U+200C (decimal 8204)
   defining Unicode char U+2026 (decimal 8230)
   defining Unicode char U+2122 (decimal 8482)
   defining Unicode char U+2423 (decimal 9251)
))
(b:/ARCHIVE/PROGRAM/texlive/2016/texmf-dist/tex/generic/babel/babel.sty
Package: babel 2016/04/23 3.9r The Babel package

(b:/ARCHIVE/PROGRAM/texlive/2016/texmf-dist/tex/generic/babel-german/ngerman.ld
f
Language: ngerman 2016/11/02 v2.9 German support for babel (new orthography)

(b:/ARCHIVE/PROGRAM/texlive/2016/texmf-dist/tex/generic/babel-german/ngermanb.l
df
Language: ngermanb 2016/11/02 v2.9 German support for babel (new orthography)
 (b:/ARCHIVE/PROGRAM/texlive/2016/texmf-dist/tex/generic/babel/babel.def
File: babel.def 2016/04/23 3.9r Babel common definitions
\babel@savecnt=\count154
\U@D=\dimen188
LaTeX Info: Redefining \textlatin on input line 1448.
)
Package babel Info: Making " an active character on input line 125.
)))
(b:/ARCHIVE/PROGRAM/texlive/2016/texmf-dist/tex/generic/ulem/ulem.sty
\UL@box=\box53
\UL@hyphenbox=\box54
\UL@skip=\skip57
\UL@hook=\toks47
\UL@height=\dimen189
\UL@pe=\count155
\UL@pixel=\dimen190
\ULC@box=\box55
Package: ulem 2012/05/18
\ULdepth=\dimen191
)
(b:/ARCHIVE/PROGRAM/texlive/2016/texmf-dist/tex/latex/bbold/bbold.sty
Package: bbold 1994/04/06 Bbold symbol package
LaTeX Font Info:    Redeclaring math alphabet \mathbb on input line 42.
)
(b:/ARCHIVE/PROGRAM/texlive/2016/texmf-dist/tex/latex/oberdiek/colonequals.sty
Package: colonequals 2016/05/16 v1.1 Colon equals symbols (HO)
) (b:/ARCHIVE/PROGRAM/texlive/2016/texmf-dist/tex/latex/mathtools/mathtools.sty
Package: mathtools 2015/11/12 v1.18 mathematical typesetting tools

(b:/ARCHIVE/PROGRAM/texlive/2016/texmf-dist/tex/latex/tools/calc.sty
Package: calc 2014/10/28 v4.3 Infix arithmetic (KKT,FJ)
\calc@Acount=\count156
\calc@Bcount=\count157
\calc@Adimen=\dimen192
\calc@Bdimen=\dimen193
\calc@Askip=\skip58
\calc@Bskip=\skip59
LaTeX Info: Redefining \setlength on input line 80.
LaTeX Info: Redefining \addtolength on input line 81.
\calc@Ccount=\count158
\calc@Cskip=\skip60
)
(b:/ARCHIVE/PROGRAM/texlive/2016/texmf-dist/tex/latex/mathtools/mhsetup.sty
Package: mhsetup 2010/01/21 v1.2a programming setup (MH)
)
LaTeX Info: Thecontrolsequence`\('isalreadyrobust on input line 129.
LaTeX Info: Thecontrolsequence`\)'isalreadyrobust on input line 129.
LaTeX Info: Thecontrolsequence`\['isalreadyrobust on input line 129.
LaTeX Info: Thecontrolsequence`\]'isalreadyrobust on input line 129.
\g_MT_multlinerow_int=\count159
\l_MT_multwidth_dim=\dimen194
\origjot=\skip61
\l_MT_shortvdotswithinadjustabove_dim=\dimen195
\l_MT_shortvdotswithinadjustbelow_dim=\dimen196
\l_MT_above_intertext_sep=\dimen197
\l_MT_below_intertext_sep=\dimen198
\l_MT_above_shortintertext_sep=\dimen199
\l_MT_below_shortintertext_sep=\dimen256
)
(b:/ARCHIVE/PROGRAM/texlive/2016/texmf-dist/tex/latex/pgfplots/pgfplots.sty
(b:/ARCHIVE/PROGRAM/texlive/2016/texmf-dist/tex/generic/pgfplots/pgfplots.revis
ion.tex)
Package: pgfplots 2016/08/10 v1.14 Data Visualization (1.14)

(b:/ARCHIVE/PROGRAM/texlive/2016/texmf-dist/tex/latex/pgf/frontendlayer/tikz.st
y (b:/ARCHIVE/PROGRAM/texlive/2016/texmf-dist/tex/latex/pgf/basiclayer/pgf.sty
Package: pgf 2015/08/07 v3.0.1a (rcs-revision 1.15)

(b:/ARCHIVE/PROGRAM/texlive/2016/texmf-dist/tex/generic/pgf/modules/pgfmodulesh
apes.code.tex
File: pgfmoduleshapes.code.tex 2014/03/21  (rcs-revision 1.35)
\pgfnodeparttextbox=\box56
)
(b:/ARCHIVE/PROGRAM/texlive/2016/texmf-dist/tex/generic/pgf/modules/pgfmodulepl
ot.code.tex
File: pgfmoduleplot.code.tex 2015/08/03  (rcs-revision 1.13)
)
(b:/ARCHIVE/PROGRAM/texlive/2016/texmf-dist/tex/latex/pgf/compatibility/pgfcomp
-version-0-65.sty
Package: pgfcomp-version-0-65 2007/07/03 v3.0.1a (rcs-revision 1.7)
\pgf@nodesepstart=\dimen257
\pgf@nodesepend=\dimen258
)
(b:/ARCHIVE/PROGRAM/texlive/2016/texmf-dist/tex/latex/pgf/compatibility/pgfcomp
-version-1-18.sty
Package: pgfcomp-version-1-18 2007/07/23 v3.0.1a (rcs-revision 1.1)
))
(b:/ARCHIVE/PROGRAM/texlive/2016/texmf-dist/tex/latex/pgf/utilities/pgffor.sty
(b:/ARCHIVE/PROGRAM/texlive/2016/texmf-dist/tex/latex/pgf/utilities/pgfkeys.sty

(b:/ARCHIVE/PROGRAM/texlive/2016/texmf-dist/tex/generic/pgf/utilities/pgfkeys.c
ode.tex))
(b:/ARCHIVE/PROGRAM/texlive/2016/texmf-dist/tex/latex/pgf/math/pgfmath.sty
(b:/ARCHIVE/PROGRAM/texlive/2016/texmf-dist/tex/generic/pgf/math/pgfmath.code.t
ex))
(b:/ARCHIVE/PROGRAM/texlive/2016/texmf-dist/tex/generic/pgf/utilities/pgffor.co
de.tex
Package: pgffor 2013/12/13 v3.0.1a (rcs-revision 1.25)

(b:/ARCHIVE/PROGRAM/texlive/2016/texmf-dist/tex/generic/pgf/math/pgfmath.code.t
ex)
\pgffor@iter=\dimen259
\pgffor@skip=\dimen260
\pgffor@stack=\toks48
\pgffor@toks=\toks49
))
(b:/ARCHIVE/PROGRAM/texlive/2016/texmf-dist/tex/generic/pgf/frontendlayer/tikz/
tikz.code.tex
Package: tikz 2015/08/07 v3.0.1a (rcs-revision 1.151)

(b:/ARCHIVE/PROGRAM/texlive/2016/texmf-dist/tex/generic/pgf/libraries/pgflibrar
yplothandlers.code.tex
File: pgflibraryplothandlers.code.tex 2013/08/31 v3.0.1a (rcs-revision 1.20)
\pgf@plot@mark@count=\count160
\pgfplotmarksize=\dimen261
)
\tikz@lastx=\dimen262
\tikz@lasty=\dimen263
\tikz@lastxsaved=\dimen264
\tikz@lastysaved=\dimen265
\tikzleveldistance=\dimen266
\tikzsiblingdistance=\dimen267
\tikz@figbox=\box57
\tikz@figbox@bg=\box58
\tikz@tempbox=\box59
\tikz@tempbox@bg=\box60
\tikztreelevel=\count161
\tikznumberofchildren=\count162
\tikznumberofcurrentchild=\count163
\tikz@fig@count=\count164

(b:/ARCHIVE/PROGRAM/texlive/2016/texmf-dist/tex/generic/pgf/modules/pgfmodulema
trix.code.tex
File: pgfmodulematrix.code.tex 2013/09/17  (rcs-revision 1.8)
\pgfmatrixcurrentrow=\count165
\pgfmatrixcurrentcolumn=\count166
\pgf@matrix@numberofcolumns=\count167
)
\tikz@expandcount=\count168

(b:/ARCHIVE/PROGRAM/texlive/2016/texmf-dist/tex/generic/pgf/frontendlayer/tikz/
libraries/tikzlibrarytopaths.code.tex
File: tikzlibrarytopaths.code.tex 2008/06/17 v3.0.1a (rcs-revision 1.2)
)))
(b:/ARCHIVE/PROGRAM/texlive/2016/texmf-dist/tex/generic/pgfplots/pgfplots.code.
tex
(b:/ARCHIVE/PROGRAM/texlive/2016/texmf-dist/tex/generic/pgfplots/pgfplotscore.c
ode.tex
\t@pgfplots@toka=\toks50
\t@pgfplots@tokb=\toks51
\t@pgfplots@tokc=\toks52
\pgfplots@tmpa=\dimen268
\c@pgfplots@coordindex=\count169
\c@pgfplots@scanlineindex=\count170

(b:/ARCHIVE/PROGRAM/texlive/2016/texmf-dist/tex/generic/pgfplots/sys/pgfplotssy
sgeneric.code.tex))
(b:/ARCHIVE/PROGRAM/texlive/2016/texmf-dist/tex/generic/pgfplots/libs/pgfplotsl
ibrary.code.tex)
(b:/ARCHIVE/PROGRAM/texlive/2016/texmf-dist/tex/generic/pgfplots/oldpgfcompatib
/pgfplotsoldpgfsupp_loader.code.tex
(b:/ARCHIVE/PROGRAM/texlive/2016/texmf-dist/tex/generic/pgf/libraries/pgflibrar
yfpu.code.tex)
Package pgfplots: loading complementary arithmetics for your pgf version...

(b:/ARCHIVE/PROGRAM/texlive/2016/texmf-dist/tex/generic/pgfplots/oldpgfcompatib
/pgfplotsoldpgfsupp_pgflibraryfpu.code.tex)
(b:/ARCHIVE/PROGRAM/texlive/2016/texmf-dist/tex/generic/pgfplots/oldpgfcompatib
/pgfplotsoldpgfsupp_pgfmathfloat.code.tex
\c@pgfmathroundto@lastzeros=\count171
))
(b:/ARCHIVE/PROGRAM/texlive/2016/texmf-dist/tex/generic/pgfplots/util/pgfplotsu
til.code.tex
(b:/ARCHIVE/PROGRAM/texlive/2016/texmf-dist/tex/generic/pgfplots/liststructure/
pgfplotsliststructure.code.tex)
(b:/ARCHIVE/PROGRAM/texlive/2016/texmf-dist/tex/generic/pgfplots/liststructure/
pgfplotsliststructureext.code.tex)
(b:/ARCHIVE/PROGRAM/texlive/2016/texmf-dist/tex/generic/pgfplots/liststructure/
pgfplotsarray.code.tex
\c@pgfplotsarray@tmp=\count172
)
(b:/ARCHIVE/PROGRAM/texlive/2016/texmf-dist/tex/generic/pgfplots/liststructure/
pgfplotsmatrix.code.tex)
(b:/ARCHIVE/PROGRAM/texlive/2016/texmf-dist/tex/generic/pgfplots/numtable/pgfpl
otstableshared.code.tex
\c@pgfplotstable@counta=\count173
\t@pgfplotstable@a=\toks53
)
(b:/ARCHIVE/PROGRAM/texlive/2016/texmf-dist/tex/generic/pgfplots/liststructure/
pgfplotsdeque.code.tex)
(b:/ARCHIVE/PROGRAM/texlive/2016/texmf-dist/tex/generic/pgfplots/util/pgfplotsb
inary.code.tex
(b:/ARCHIVE/PROGRAM/texlive/2016/texmf-dist/tex/generic/pgfplots/util/pgfplotsb
inary.data.code.tex))
(b:/ARCHIVE/PROGRAM/texlive/2016/texmf-dist/tex/generic/pgfplots/util/pgfplotsu
til.verb.code.tex)
(b:/ARCHIVE/PROGRAM/texlive/2016/texmf-dist/tex/generic/pgfplots/libs/pgflibrar
ypgfplots.surfshading.code.tex
\c@pgfplotslibrarysurf@no=\count174

(b:/ARCHIVE/PROGRAM/texlive/2016/texmf-dist/tex/generic/pgfplots/sys/pgflibrary
pgfplots.surfshading.pgfsys-pdftex.def)))
(b:/ARCHIVE/PROGRAM/texlive/2016/texmf-dist/tex/generic/pgfplots/util/pgfplotsc
olormap.code.tex
(b:/ARCHIVE/PROGRAM/texlive/2016/texmf-dist/tex/generic/pgfplots/util/pgfplotsc
olor.code.tex))
(b:/ARCHIVE/PROGRAM/texlive/2016/texmf-dist/tex/generic/pgfplots/pgfplotsstacke
dplots.code.tex)
(b:/ARCHIVE/PROGRAM/texlive/2016/texmf-dist/tex/generic/pgfplots/pgfplotsplotha
ndlers.code.tex
(b:/ARCHIVE/PROGRAM/texlive/2016/texmf-dist/tex/generic/pgfplots/pgfplotsmeshpl
othandler.code.tex
(b:/ARCHIVE/PROGRAM/texlive/2016/texmf-dist/tex/generic/pgfplots/pgfplotsmeshpl
otimage.code.tex)))
(b:/ARCHIVE/PROGRAM/texlive/2016/texmf-dist/tex/generic/pgfplots/pgfplots.scali
ng.code.tex)
(b:/ARCHIVE/PROGRAM/texlive/2016/texmf-dist/tex/generic/pgfplots/pgfplotscoordp
rocessing.code.tex)
(b:/ARCHIVE/PROGRAM/texlive/2016/texmf-dist/tex/generic/pgfplots/pgfplots.error
bars.code.tex)
(b:/ARCHIVE/PROGRAM/texlive/2016/texmf-dist/tex/generic/pgfplots/pgfplots.marke
rs.code.tex)
(b:/ARCHIVE/PROGRAM/texlive/2016/texmf-dist/tex/generic/pgfplots/pgfplotsticks.
code.tex)
(b:/ARCHIVE/PROGRAM/texlive/2016/texmf-dist/tex/generic/pgfplots/pgfplots.paths
.code.tex)
(b:/ARCHIVE/PROGRAM/texlive/2016/texmf-dist/tex/generic/pgf/frontendlayer/tikz/
libraries/tikzlibrarydecorations.code.tex
(b:/ARCHIVE/PROGRAM/texlive/2016/texmf-dist/tex/generic/pgf/modules/pgfmodulede
corations.code.tex
\pgfdecoratedcompleteddistance=\dimen269
\pgfdecoratedremainingdistance=\dimen270
\pgfdecoratedinputsegmentcompleteddistance=\dimen271
\pgfdecoratedinputsegmentremainingdistance=\dimen272
\pgf@decorate@distancetomove=\dimen273
\pgf@decorate@repeatstate=\count175
\pgfdecorationsegmentamplitude=\dimen274
\pgfdecorationsegmentlength=\dimen275
)
\tikz@lib@dec@box=\box61
)
(b:/ARCHIVE/PROGRAM/texlive/2016/texmf-dist/tex/generic/pgf/frontendlayer/tikz/
libraries/tikzlibrarydecorations.pathmorphing.code.tex
(b:/ARCHIVE/PROGRAM/texlive/2016/texmf-dist/tex/generic/pgf/libraries/decoratio
ns/pgflibrarydecorations.pathmorphing.code.tex))
(b:/ARCHIVE/PROGRAM/texlive/2016/texmf-dist/tex/generic/pgf/frontendlayer/tikz/
libraries/tikzlibrarydecorations.pathreplacing.code.tex
(b:/ARCHIVE/PROGRAM/texlive/2016/texmf-dist/tex/generic/pgf/libraries/decoratio
ns/pgflibrarydecorations.pathreplacing.code.tex))
\pgfplots@numplots=\count176
\pgfplots@xmin@reg=\dimen276
\pgfplots@xmax@reg=\dimen277
\pgfplots@ymin@reg=\dimen278
\pgfplots@ymax@reg=\dimen279
\pgfplots@zmin@reg=\dimen280
\pgfplots@zmax@reg=\dimen281
)
(b:/ARCHIVE/PROGRAM/texlive/2016/texmf-dist/tex/generic/pgf/frontendlayer/tikz/
libraries/tikzlibraryplotmarks.code.tex
File: tikzlibraryplotmarks.code.tex 2008/01/09 v3.0.1a (rcs-revision 1.1)

(b:/ARCHIVE/PROGRAM/texlive/2016/texmf-dist/tex/generic/pgf/libraries/pgflibrar
yplotmarks.code.tex
File: pgflibraryplotmarks.code.tex 2015/08/03 v3.0.1a (rcs-revision 1.14)
)))
(b:/ARCHIVE/PROGRAM/texlive/2016/texmf-dist/tex/generic/pgfplots/libs/tikzlibra
rypgfplots.fillbetween.code.tex
(b:/ARCHIVE/PROGRAM/texlive/2016/texmf-dist/tex/generic/pgfplots/pgfcontrib/tik
zlibraryfillbetween.code.tex
(b:/ARCHIVE/PROGRAM/texlive/2016/texmf-dist/tex/generic/pgf/frontendlayer/tikz/
libraries/tikzlibraryintersections.code.tex
(b:/ARCHIVE/PROGRAM/texlive/2016/texmf-dist/tex/generic/pgf/libraries/pgflibrar
yintersections.code.tex
\pgf@intersect@solutions=\count177
))
(b:/ARCHIVE/PROGRAM/texlive/2016/texmf-dist/tex/generic/pgfplots/pgfcontrib/tik
zlibrarydecorations.softclip.code.tex
(b:/ARCHIVE/PROGRAM/texlive/2016/texmf-dist/tex/generic/pgfplots/pgfcontrib/pgf
libraryfillbetween.code.tex)))
(b:/ARCHIVE/PROGRAM/texlive/2016/texmf-dist/tex/generic/pgfplots/libs/tikzlibra
rypgfplots.decorations.softclip.code.tex))
(b:/ARCHIVE/PROGRAM/texlive/2016/texmf-dist/tex/generic/pgf/frontendlayer/tikz/
libraries/tikzlibraryarrows.code.tex
File: tikzlibraryarrows.code.tex 2008/01/09 v3.0.1a (rcs-revision 1.1)

(b:/ARCHIVE/PROGRAM/texlive/2016/texmf-dist/tex/generic/pgf/libraries/pgflibrar
yarrows.code.tex
File: pgflibraryarrows.code.tex 2013/09/23 v3.0.1a (rcs-revision 1.16)
\arrowsize=\dimen282
))
(b:/ARCHIVE/PROGRAM/texlive/2016/texmf-dist/tex/generic/pgf/frontendlayer/tikz/
libraries/tikzlibraryshapes.code.tex
File: tikzlibraryshapes.code.tex 2008/01/09 v3.0.1a (rcs-revision 1.1)

(b:/ARCHIVE/PROGRAM/texlive/2016/texmf-dist/tex/generic/pgf/frontendlayer/tikz/
libraries/tikzlibraryshapes.geometric.code.tex
File: tikzlibraryshapes.geometric.code.tex 2008/01/09 v3.0.1a (rcs-revision 1.1
)

(b:/ARCHIVE/PROGRAM/texlive/2016/texmf-dist/tex/generic/pgf/libraries/shapes/pg
flibraryshapes.geometric.code.tex
File: pgflibraryshapes.geometric.code.tex 2008/06/26 v3.0.1a (rcs-revision 1.1)

))
(b:/ARCHIVE/PROGRAM/texlive/2016/texmf-dist/tex/generic/pgf/frontendlayer/tikz/
libraries/tikzlibraryshapes.misc.code.tex
File: tikzlibraryshapes.misc.code.tex 2008/01/09 v3.0.1a (rcs-revision 1.1)

(b:/ARCHIVE/PROGRAM/texlive/2016/texmf-dist/tex/generic/pgf/libraries/shapes/pg
flibraryshapes.misc.code.tex
File: pgflibraryshapes.misc.code.tex 2013/07/18 v3.0.1a (rcs-revision 1.5)
))
(b:/ARCHIVE/PROGRAM/texlive/2016/texmf-dist/tex/generic/pgf/frontendlayer/tikz/
libraries/tikzlibraryshapes.symbols.code.tex
File: tikzlibraryshapes.symbols.code.tex 2008/01/09 v3.0.1a (rcs-revision 1.1)

(b:/ARCHIVE/PROGRAM/texlive/2016/texmf-dist/tex/generic/pgf/libraries/shapes/pg
flibraryshapes.symbols.code.tex
File: pgflibraryshapes.symbols.code.tex 2013/09/11 v3.0.1a (rcs-revision 1.6)
))
(b:/ARCHIVE/PROGRAM/texlive/2016/texmf-dist/tex/generic/pgf/frontendlayer/tikz/
libraries/tikzlibraryshapes.arrows.code.tex
File: tikzlibraryshapes.arrows.code.tex 2008/01/09 v3.0.1a (rcs-revision 1.1)

(b:/ARCHIVE/PROGRAM/texlive/2016/texmf-dist/tex/generic/pgf/libraries/shapes/pg
flibraryshapes.arrows.code.tex
File: pgflibraryshapes.arrows.code.tex 2008/06/26 v3.0.1a (rcs-revision 1.1)
))
(b:/ARCHIVE/PROGRAM/texlive/2016/texmf-dist/tex/generic/pgf/frontendlayer/tikz/
libraries/tikzlibraryshapes.callouts.code.tex
(b:/ARCHIVE/PROGRAM/texlive/2016/texmf-dist/tex/generic/pgf/libraries/shapes/pg
flibraryshapes.callouts.code.tex))
(b:/ARCHIVE/PROGRAM/texlive/2016/texmf-dist/tex/generic/pgf/frontendlayer/tikz/
libraries/tikzlibraryshapes.multipart.code.tex
File: tikzlibraryshapes.multipart.code.tex 2008/01/09 v3.0.1a (rcs-revision 1.1
)

(b:/ARCHIVE/PROGRAM/texlive/2016/texmf-dist/tex/generic/pgf/libraries/shapes/pg
flibraryshapes.multipart.code.tex
File: pgflibraryshapes.multipart.code.tex 2010/01/07 v3.0.1a (rcs-revision 1.2)

\pgfnodepartlowerbox=\box62
\pgfnodeparttwobox=\box63
\pgfnodepartthreebox=\box64
\pgfnodepartfourbox=\box65
\pgfnodeparttwentybox=\box66
\pgfnodepartnineteenbox=\box67
\pgfnodeparteighteenbox=\box68
\pgfnodepartseventeenbox=\box69
\pgfnodepartsixteenbox=\box70
\pgfnodepartfifteenbox=\box71
\pgfnodepartfourteenbox=\box72
\pgfnodepartthirteenbox=\box73
\pgfnodeparttwelvebox=\box74
\pgfnodepartelevenbox=\box75
\pgfnodeparttenbox=\box76
\pgfnodepartninebox=\box77
\pgfnodeparteightbox=\box78
\pgfnodepartsevenbox=\box79
\pgfnodepartsixbox=\box80
\pgfnodepartfivebox=\box81
)))
(b:/ARCHIVE/PROGRAM/texlive/2016/texmf-dist/tex/generic/pgf/frontendlayer/tikz/
libraries/tikzlibrarychains.code.tex
File: tikzlibrarychains.code.tex 2013/07/15 v3.0.1a (rcs-revision 1.6)

(b:/ARCHIVE/PROGRAM/texlive/2016/texmf-dist/tex/generic/pgf/frontendlayer/tikz/
libraries/tikzlibrarypositioning.code.tex
File: tikzlibrarypositioning.code.tex 2008/10/06 v3.0.1a (rcs-revision 1.7)
))
(b:/ARCHIVE/PROGRAM/texlive/2016/texmf-dist/tex/generic/pgf/frontendlayer/tikz/
libraries/tikzlibrarymatrix.code.tex
File: tikzlibrarymatrix.code.tex 2013/07/12 v3.0.1a (rcs-revision 1.4)
)
(b:/ARCHIVE/PROGRAM/texlive/2016/texmf-dist/tex/generic/pgf/frontendlayer/tikz/
libraries/tikzlibrarybackgrounds.code.tex
File: tikzlibrarybackgrounds.code.tex 2013/07/18 v3.0.1a (rcs-revision 1.3)
\pgf@layerbox@background=\box82
\pgf@layerboxsaved@background=\box83
)
(b:/ARCHIVE/PROGRAM/texlive/2016/texmf-dist/tex/generic/pgf/frontendlayer/tikz/
libraries/tikzlibraryfit.code.tex
File: tikzlibraryfit.code.tex 2013/07/12 v3.0.1a (rcs-revision 1.5)
)
(b:/ARCHIVE/PROGRAM/texlive/2016/texmf-dist/tex/generic/pgf/frontendlayer/tikz/
libraries/tikzlibrarypetri.code.tex
File: tikzlibrarypetri.code.tex 2013/07/17 v3.0.1a (rcs-revision 1.3)
)
(b:/ARCHIVE/PROGRAM/texlive/2016/texmf-dist/tex/generic/pgf/frontendlayer/tikz/
libraries/tikzlibraryscopes.code.tex
File: tikzlibraryscopes.code.tex 2008/06/27 v3.0.1a (rcs-revision 1.2)
)
(b:/ARCHIVE/PROGRAM/texlive/2016/texmf-dist/tex/generic/pgf/frontendlayer/tikz/
libraries/tikzlibraryshadows.code.tex
File: tikzlibraryshadows.code.tex 2008/01/13 v3.0.1a (rcs-revision 1.3)

(b:/ARCHIVE/PROGRAM/texlive/2016/texmf-dist/tex/generic/pgf/frontendlayer/tikz/
libraries/tikzlibraryfadings.code.tex
File: tikzlibraryfadings.code.tex 2009/11/15 v3.0.1a (rcs-revision 1.2)

(b:/ARCHIVE/PROGRAM/texlive/2016/texmf-dist/tex/generic/pgf/libraries/pgflibrar
yfadings.code.tex
File: pgflibraryfadings.code.tex 2008/02/07 v3.0.1a (rcs-revision 1.3)
)))
(b:/ARCHIVE/PROGRAM/texlive/2016/texmf-dist/tex/generic/pgf/frontendlayer/tikz/
libraries/tikzlibrarycalc.code.tex
File: tikzlibrarycalc.code.tex 2013/07/15 v3.0.1a (rcs-revision 1.9)
)
(b:/ARCHIVE/PROGRAM/texlive/2016/texmf-dist/tex/generic/pgf/frontendlayer/tikz/
libraries/tikzlibraryangles.code.tex
File: tikzlibraryangles.code.tex 2013/08/28 v3.0.1a (rcs-revision 1.1)
)
(b:/ARCHIVE/PROGRAM/texlive/2016/texmf-dist/tex/generic/pgf/frontendlayer/tikz/
libraries/tikzlibraryquotes.code.tex
File: tikzlibraryquotes.code.tex 2014/03/21 v3.0.1a (rcs-revision 1.4)
)
(b:/ARCHIVE/PROGRAM/texlive/2016/texmf-dist/tex/latex/relsize/relsize.sty
Package: relsize 2013/03/29 ver 4.1
)
(b:/ARCHIVE/PROGRAM/texlive/2016/texmf-dist/tex/latex/amsmath/amsxtra.sty
Package: amsxtra 1999/11/15 v1.2c AMS extra commands
LaTeX Info: Redefining \nobreakspace on input line 54.
)
(b:/ARCHIVE/PROGRAM/texlive/2016/texmf-dist/tex/latex/jknapltx/mathrsfs.sty
Package: mathrsfs 1996/01/01 Math RSFS package v1.0 (jk)
\symrsfs=\mathgroup6
)
\c@satz=\count178
\pgf@layerbox@bg=\box84
\pgf@layerboxsaved@bg=\box85
\pgf@layerbox@foreground=\box86
\pgf@layerboxsaved@foreground=\box87

(./slides.aux)
\openout1 = `slides.aux'.

LaTeX Font Info:    Checking defaults for OML/cmm/m/it on input line 180.
LaTeX Font Info:    ... okay on input line 180.
LaTeX Font Info:    Checking defaults for T1/cmr/m/n on input line 180.
LaTeX Font Info:    ... okay on input line 180.
LaTeX Font Info:    Checking defaults for OT1/cmr/m/n on input line 180.
LaTeX Font Info:    ... okay on input line 180.
LaTeX Font Info:    Checking defaults for OMS/cmsy/m/n on input line 180.
LaTeX Font Info:    ... okay on input line 180.
LaTeX Font Info:    Checking defaults for OMX/cmex/m/n on input line 180.
LaTeX Font Info:    ... okay on input line 180.
LaTeX Font Info:    Checking defaults for U/cmr/m/n on input line 180.
LaTeX Font Info:    ... okay on input line 180.
LaTeX Font Info:    Checking defaults for PD1/pdf/m/n on input line 180.
LaTeX Font Info:    ... okay on input line 180.

*geometry* driver: auto-detecting
*geometry* detected driver: pdftex
*geometry* verbose mode - [ preamble ] result:
* driver: pdftex
* paper: custom
* layout: <same size as paper>
* layoutoffset:(h,v)=(0.0pt,0.0pt)
* modes: includehead includefoot 
* h-part:(L,W,R)=(28.45274pt, 307.28987pt, 28.45274pt)
* v-part:(T,H,B)=(0.0pt, 273.14662pt, 0.0pt)
* \paperwidth=364.19536pt
* \paperheight=273.14662pt
* \textwidth=307.28987pt
* \textheight=244.6939pt
* \oddsidemargin=-43.81725pt
* \evensidemargin=-43.81725pt
* \topmargin=-72.26999pt
* \headheight=14.22636pt
* \headsep=0.0pt
* \topskip=11.0pt
* \footskip=14.22636pt
* \marginparwidth=4.0pt
* \marginparsep=10.0pt
* \columnsep=10.0pt
* \skip\footins=10.0pt plus 4.0pt minus 2.0pt
* \hoffset=0.0pt
* \voffset=0.0pt
* \mag=1000
* \@twocolumnfalse
* \@twosidefalse
* \@mparswitchfalse
* \@reversemarginfalse
* (1in=72.27pt=25.4mm, 1cm=28.453pt)


(b:/ARCHIVE/PROGRAM/texlive/2016/texmf-dist/tex/context/base/mkii/supp-pdf.mkii
[Loading MPS to PDF converter (version 2006.09.02).]
\scratchcounter=\count179
\scratchdimen=\dimen283
\scratchbox=\box88
\nofMPsegments=\count180
\nofMParguments=\count181
\everyMPshowfont=\toks54
\MPscratchCnt=\count182
\MPscratchDim=\dimen284
\MPnumerator=\count183
\makeMPintoPDFobject=\count184
\everyMPtoPDFconversion=\toks55
)
(b:/ARCHIVE/PROGRAM/texlive/2016/texmf-dist/tex/latex/oberdiek/epstopdf-base.st
y
Package: epstopdf-base 2016/05/15 v2.6 Base part for package epstopdf
 (b:/ARCHIVE/PROGRAM/texlive/2016/texmf-dist/tex/latex/oberdiek/grfext.sty
Package: grfext 2016/05/16 v1.2 Manage graphics extensions (HO)
)
Package epstopdf-base Info: Redefining graphics rule for `.eps' on input line 4
38.
Package grfext Info: Graphics extension search list:
(grfext)             [.png,.pdf,.jpg,.mps,.jpeg,.jbig2,.jb2,.PNG,.PDF,.JPG,.JPE
G,.JBIG2,.JB2,.eps]
(grfext)             \AppendGraphicsExtensions on input line 456.

(b:/ARCHIVE/PROGRAM/texlive/2016/texmf-dist/tex/latex/latexconfig/epstopdf-sys.
cfg
File: epstopdf-sys.cfg 2010/07/13 v1.3 Configuration of (r)epstopdf for TeX Liv
e
)) ABD: EveryShipout initializing macros
\AtBeginShipoutBox=\box89
Package hyperref Info: Link coloring OFF on input line 180.

(b:/ARCHIVE/PROGRAM/texlive/2016/texmf-dist/tex/latex/hyperref/nameref.sty
Package: nameref 2016/05/21 v2.44 Cross-referencing by name of section

(b:/ARCHIVE/PROGRAM/texlive/2016/texmf-dist/tex/generic/oberdiek/gettitlestring
.sty
Package: gettitlestring 2016/05/16 v1.5 Cleanup title references (HO)
)
\c@section@level=\count185
)
LaTeX Info: Redefining \ref on input line 180.
LaTeX Info: Redefining \pageref on input line 180.
LaTeX Info: Redefining \nameref on input line 180.
 (./slides.out) (./slides.out)
\@outlinefile=\write5
\openout5 = `slides.out'.

LaTeX Font Info:    Overwriting symbol font `operators' in version `normal'
(Font)                  OT1/cmr/m/n --> OT1/cmss/m/n on input line 180.
LaTeX Font Info:    Overwriting symbol font `operators' in version `bold'
(Font)                  OT1/cmr/bx/n --> OT1/cmss/bx/n on input line 180.
\symnumbers=\mathgroup7
\sympureletters=\mathgroup8
LaTeX Font Info:    Overwriting math alphabet `\mathrm' in version `normal'
(Font)                  OT1/cmss/m/n --> OT1/cmr/m/n on input line 180.
LaTeX Font Info:    Redeclaring math alphabet \mathbf on input line 180.
LaTeX Font Info:    Overwriting math alphabet `\mathbf' in version `normal'
(Font)                  OT1/cmr/bx/n --> OT1/cmss/bx/n on input line 180.
LaTeX Font Info:    Overwriting math alphabet `\mathbf' in version `bold'
(Font)                  OT1/cmr/bx/n --> OT1/cmss/bx/n on input line 180.
LaTeX Font Info:    Redeclaring math alphabet \mathsf on input line 180.
LaTeX Font Info:    Overwriting math alphabet `\mathsf' in version `normal'
(Font)                  OT1/cmss/m/n --> OT1/cmss/m/n on input line 180.
LaTeX Font Info:    Overwriting math alphabet `\mathsf' in version `bold'
(Font)                  OT1/cmss/bx/n --> OT1/cmss/m/n on input line 180.
LaTeX Font Info:    Redeclaring math alphabet \mathit on input line 180.
LaTeX Font Info:    Overwriting math alphabet `\mathit' in version `normal'
(Font)                  OT1/cmr/m/it --> OT1/cmss/m/it on input line 180.
LaTeX Font Info:    Overwriting math alphabet `\mathit' in version `bold'
(Font)                  OT1/cmr/bx/it --> OT1/cmss/m/it on input line 180.
LaTeX Font Info:    Redeclaring math alphabet \mathtt on input line 180.
LaTeX Font Info:    Overwriting math alphabet `\mathtt' in version `normal'
(Font)                  OT1/cmtt/m/n --> OT1/cmtt/m/n on input line 180.
LaTeX Font Info:    Overwriting math alphabet `\mathtt' in version `bold'
(Font)                  OT1/cmtt/m/n --> OT1/cmtt/m/n on input line 180.
LaTeX Font Info:    Overwriting symbol font `numbers' in version `bold'
(Font)                  OT1/cmss/m/n --> OT1/cmss/bx/n on input line 180.
LaTeX Font Info:    Overwriting symbol font `pureletters' in version `bold'
(Font)                  OT1/cmss/m/it --> OT1/cmss/bx/it on input line 180.
LaTeX Font Info:    Overwriting math alphabet `\mathrm' in version `bold'
(Font)                  OT1/cmss/bx/n --> OT1/cmr/bx/n on input line 180.
LaTeX Font Info:    Overwriting math alphabet `\mathbf' in version `bold'
(Font)                  OT1/cmss/bx/n --> OT1/cmss/bx/n on input line 180.
LaTeX Font Info:    Overwriting math alphabet `\mathsf' in version `bold'
(Font)                  OT1/cmss/m/n --> OT1/cmss/bx/n on input line 180.
LaTeX Font Info:    Overwriting math alphabet `\mathit' in version `bold'
(Font)                  OT1/cmss/m/it --> OT1/cmss/bx/it on input line 180.
LaTeX Font Info:    Overwriting math alphabet `\mathtt' in version `bold'
(Font)                  OT1/cmtt/m/n --> OT1/cmtt/bx/n on input line 180.
LaTeX Font Info:    Redeclaring symbol font `pureletters' on input line 180.
LaTeX Font Info:    Overwriting symbol font `pureletters' in version `normal'
(Font)                  OT1/cmss/m/it --> OT1/mathkerncmss/m/sl on input line 1
80.
LaTeX Font Info:    Overwriting symbol font `pureletters' in version `bold'
(Font)                  OT1/cmss/bx/it --> OT1/mathkerncmss/m/sl on input line 
180.
LaTeX Font Info:    Overwriting symbol font `pureletters' in version `bold'
(Font)                  OT1/mathkerncmss/m/sl --> OT1/mathkerncmss/bx/sl on inp
ut line 180.

(b:/ARCHIVE/PROGRAM/texlive/2016/texmf-dist/tex/latex/beamer/translator/dicts/t
ranslator-basic-dictionary/translator-basic-dictionary-English.dict
Dictionary: translator-basic-dictionary, Language: English 
)
(b:/ARCHIVE/PROGRAM/texlive/2016/texmf-dist/tex/latex/beamer/translator/dicts/t
ranslator-bibliography-dictionary/translator-bibliography-dictionary-English.di
ct
Dictionary: translator-bibliography-dictionary, Language: English 
)
(b:/ARCHIVE/PROGRAM/texlive/2016/texmf-dist/tex/latex/beamer/translator/dicts/t
ranslator-environment-dictionary/translator-environment-dictionary-English.dict
Dictionary: translator-environment-dictionary, Language: English 
)
(b:/ARCHIVE/PROGRAM/texlive/2016/texmf-dist/tex/latex/beamer/translator/dicts/t
ranslator-months-dictionary/translator-months-dictionary-English.dict
Dictionary: translator-months-dictionary, Language: English 
)
(b:/ARCHIVE/PROGRAM/texlive/2016/texmf-dist/tex/latex/beamer/translator/dicts/t
ranslator-numbers-dictionary/translator-numbers-dictionary-English.dict
Dictionary: translator-numbers-dictionary, Language: English 
)
(b:/ARCHIVE/PROGRAM/texlive/2016/texmf-dist/tex/latex/beamer/translator/dicts/t
ranslator-theorem-dictionary/translator-theorem-dictionary-English.dict
Dictionary: translator-theorem-dictionary, Language: English 
)
LaTeX Info: Redefining \includegraphics on input line 180.

Package pgfplots notification 'compat/show suggested version=true': you might b
enefit from \pgfplotsset{compat=1.14} (current compat level: 1.10).

(./slides.nav)
LaTeX Font Info:    Try loading font information for U+msa on input line 182.

(b:/ARCHIVE/PROGRAM/texlive/2016/texmf-dist/tex/latex/amsfonts/umsa.fd
File: umsa.fd 2013/01/14 v3.01 AMS symbols A
)
LaTeX Font Info:    Try loading font information for U+msb on input line 182.

(b:/ARCHIVE/PROGRAM/texlive/2016/texmf-dist/tex/latex/amsfonts/umsb.fd
File: umsb.fd 2013/01/14 v3.01 AMS symbols B
)
LaTeX Font Info:    Try loading font information for U+rsfs on input line 182.

(b:/ARCHIVE/PROGRAM/texlive/2016/texmf-dist/tex/latex/jknapltx/ursfs.fd
File: ursfs.fd 1998/03/24 rsfs font definition file (jk)
)
LaTeX Font Info:    Try loading font information for OT1+mathkerncmss on input 
line 182.

(b:/ARCHIVE/PROGRAM/texlive/2016/texmf-dist/tex/latex/sansmathaccent/ot1mathker
ncmss.fd
File: ot1mathkerncmss.fd 2013/03/27 Fontinst v1.933 font definitions for OT1/ma
thkerncmss.
)

LaTeX Font Warning: Font shape `OT1/cmss/m/n' in size <4> not available
(Font)              size <5> substituted on input line 182.

[1{b:/ARCHIVE/PROGRAM/texlive/2016/texmf-var/fonts/map/pdftex/updmap/pdftex.map
}

] (./slides.toc) [2

] [3

] [4

] [5

] [6

] [7

] [8

] [9

] [10

] [11

] [12

] [13

] [14

]
[15

] [16

]
LaTeX Font Info:    Try loading font information for U+euf on input line 483.

(b:/ARCHIVE/PROGRAM/texlive/2016/texmf-dist/tex/latex/amsfonts/ueuf.fd
File: ueuf.fd 2013/01/14 v3.01 Euler Fraktur
)
[17

] [18

]
LaTeX Font Info:    Try loading font information for U+bbold on input line 503.

 (b:/ARCHIVE/PROGRAM/texlive/2016/texmf-dist/tex/latex/bbold/ubbold.fd) [19

] [20

] [21

] [22

] [23

] [24

]
Overfull \hbox (1.23769pt too wide) in paragraph at lines 571--571
[][]  
 []

[25

] [26

] [27

] [28

]
\tf@nav=\write6
\openout6 = `slides.nav'.

\tf@toc=\write7
\openout7 = `slides.toc'.

\tf@snm=\write8
\openout8 = `slides.snm'.

Package atveryend Info: Empty hook `BeforeClearDocument' on input line 2662.
Package atveryend Info: Empty hook `AfterLastShipout' on input line 2662.
 (./slides.aux)
Package atveryend Info: Executing hook `AtVeryEndDocument' on input line 2662.
Package atveryend Info: Executing hook `AtEndAfterFileList' on input line 2662.

Package rerunfilecheck Info: File `slides.out' has not changed.
(rerunfilecheck)             Checksum: F7F2AD277BD8914A62C8D9F65E834329;337.


LaTeX Font Warning: Size substitutions with differences
(Font)              up to 1.0pt have occurred.

 ) 
Here is how much of TeX's memory you used:
 34760 strings out of 493013
 852906 string characters out of 6129650
 1059177 words of memory out of 5000000
 37459 multiletter control sequences out of 15000+600000
 22430 words of font info for 88 fonts, out of 8000000 for 9000
 1141 hyphenation exceptions out of 8191
 64i,14n,98p,1062b,1016s stack positions out of 5000i,500n,10000p,200000b,80000s
<b:/ARCHIVE/PROGRAM/texlive/2016/texmf-dist/fonts/type1/public/bbold-type1/bb
old10.pfb><b:/ARCHIVE/PROGRAM/texlive/2016/texmf-dist/fonts/type1/public/amsfon
ts/cm/cmex10.pfb><b:/ARCHIVE/PROGRAM/texlive/2016/texmf-dist/fonts/type1/public
/amsfonts/cm/cmmi10.pfb><b:/ARCHIVE/PROGRAM/texlive/2016/texmf-dist/fonts/type1
/public/amsfonts/cm/cmmi7.pfb><b:/ARCHIVE/PROGRAM/texlive/2016/texmf-dist/fonts
/type1/public/amsfonts/cm/cmmi8.pfb><b:/ARCHIVE/PROGRAM/texlive/2016/texmf-dist
/fonts/type1/public/amsfonts/cm/cmmi9.pfb><b:/ARCHIVE/PROGRAM/texlive/2016/texm
f-dist/fonts/type1/public/amsfonts/cm/cmr10.pfb><b:/ARCHIVE/PROGRAM/texlive/201
6/texmf-dist/fonts/type1/public/amsfonts/cm/cmss10.pfb><b:/ARCHIVE/PROGRAM/texl
ive/2016/texmf-dist/fonts/type1/public/amsfonts/cm/cmss12.pfb><b:/ARCHIVE/PROGR
AM/texlive/2016/texmf-dist/fonts/type1/public/amsfonts/cm/cmss8.pfb><b:/ARCHIVE
/PROGRAM/texlive/2016/texmf-dist/fonts/type1/public/amsfonts/cm/cmss9.pfb><b:/A
RCHIVE/PROGRAM/texlive/2016/texmf-dist/fonts/type1/public/amsfonts/cm/cmssbx10.
pfb><b:/ARCHIVE/PROGRAM/texlive/2016/texmf-dist/fonts/type1/public/amsfonts/cm/
cmssi10.pfb><b:/ARCHIVE/PROGRAM/texlive/2016/texmf-dist/fonts/type1/public/amsf
onts/cm/cmssi8.pfb><b:/ARCHIVE/PROGRAM/texlive/2016/texmf-dist/fonts/type1/publ
ic/amsfonts/cm/cmssi9.pfb><b:/ARCHIVE/PROGRAM/texlive/2016/texmf-dist/fonts/typ
e1/public/amsfonts/cm/cmsy10.pfb><b:/ARCHIVE/PROGRAM/texlive/2016/texmf-dist/fo
nts/type1/public/amsfonts/cm/cmsy6.pfb><b:/ARCHIVE/PROGRAM/texlive/2016/texmf-d
ist/fonts/type1/public/amsfonts/cm/cmsy7.pfb><b:/ARCHIVE/PROGRAM/texlive/2016/t
exmf-dist/fonts/type1/public/amsfonts/cm/cmsy8.pfb><b:/ARCHIVE/PROGRAM/texlive/
2016/texmf-dist/fonts/type1/public/amsfonts/cm/cmtt10.pfb><b:/ARCHIVE/PROGRAM/t
exlive/2016/texmf-dist/fonts/type1/public/amsfonts/euler/eufm10.pfb><b:/ARCHIVE
/PROGRAM/texlive/2016/texmf-dist/fonts/type1/public/amsfonts/symbols/msam10.pfb
><b:/ARCHIVE/PROGRAM/texlive/2016/texmf-dist/fonts/type1/public/amsfonts/symbol
s/msam7.pfb><b:/ARCHIVE/PROGRAM/texlive/2016/texmf-dist/fonts/type1/public/amsf
onts/symbols/msbm10.pfb>
Output written on slides.pdf (28 pages, 277011 bytes).
PDF statistics:
 898 PDF objects out of 1000 (max. 8388607)
 813 compressed objects within 9 object streams
 62 named destinations out of 1000 (max. 500000)
 179 words of extra memory for PDF output out of 10000 (max. 10000000)

